2023-03-21 12:08:42.199 [main] INFO  org.project.ScientificCalculator - [SQ ROOT] - 9
2023-03-21 12:08:42.202 [main] INFO  org.project.ScientificCalculator - [RESULT - SQ ROOT] - 3.0
2023-03-21 12:08:42.202 [main] INFO  org.project.ScientificCalculator - [SQ ROOT] - 16
2023-03-21 12:08:42.202 [main] INFO  org.project.ScientificCalculator - [RESULT - SQ ROOT] - 4.0
2023-03-21 12:08:42.202 [main] INFO  org.project.ScientificCalculator - [NATURAL LOG] - 10
2023-03-21 12:08:42.203 [main] INFO  org.project.ScientificCalculator - [RESULT - NATURAL LOG] - 2.302585092994046
2023-03-21 12:08:42.203 [main] INFO  org.project.ScientificCalculator - [NATURAL LOG] - 20
2023-03-21 12:08:42.203 [main] INFO  org.project.ScientificCalculator - [RESULT - NATURAL LOG] - 2.995732273553991
2023-03-21 12:08:42.203 [main] INFO  org.project.ScientificCalculator - Factorial =  5
2023-03-21 12:08:42.203 [main] INFO  org.project.ScientificCalculator - RESULT - FACTORIAL = 120
2023-03-21 12:08:42.204 [main] INFO  org.project.ScientificCalculator - Factorial =  4
2023-03-21 12:08:42.204 [main] INFO  org.project.ScientificCalculator - RESULT - FACTORIAL = 24
2023-03-21 12:08:42.206 [main] INFO  org.project.ScientificCalculator - [POWER of  2 TO THE ] 3
2023-03-21 12:08:42.206 [main] INFO  org.project.ScientificCalculator - [RESULT  POWER]  8.0
2023-03-21 12:08:42.206 [main] INFO  org.project.ScientificCalculator - [POWER of  4 TO THE ] 2
2023-03-21 12:08:42.207 [main] INFO  org.project.ScientificCalculator - [RESULT  POWER]  16.0
2023-03-30 20:08:32.421 [main] INFO  org.project.ScientificCalculator - [SQ ROOT] - 9
2023-03-30 20:08:32.424 [main] INFO  org.project.ScientificCalculator - [RESULT - SQ ROOT] - 3.0
2023-03-30 20:08:32.424 [main] INFO  org.project.ScientificCalculator - [SQ ROOT] - 16
2023-03-30 20:08:32.424 [main] INFO  org.project.ScientificCalculator - [RESULT - SQ ROOT] - 4.0
2023-03-30 20:08:32.425 [main] INFO  org.project.ScientificCalculator - [NATURAL LOG] - 10
2023-03-30 20:08:32.425 [main] INFO  org.project.ScientificCalculator - [RESULT - NATURAL LOG] - 2.302585092994046
2023-03-30 20:08:32.426 [main] INFO  org.project.ScientificCalculator - [NATURAL LOG] - 20
2023-03-30 20:08:32.426 [main] INFO  org.project.ScientificCalculator - [RESULT - NATURAL LOG] - 2.995732273553991
2023-03-30 20:08:32.426 [main] INFO  org.project.ScientificCalculator - Factorial =  5
2023-03-30 20:08:32.426 [main] INFO  org.project.ScientificCalculator - RESULT - FACTORIAL = 120
2023-03-30 20:08:32.426 [main] INFO  org.project.ScientificCalculator - Factorial =  4
2023-03-30 20:08:32.426 [main] INFO  org.project.ScientificCalculator - RESULT - FACTORIAL = 24
2023-03-30 20:08:32.429 [main] INFO  org.project.ScientificCalculator - [POWER of  2 TO THE ] 3
2023-03-30 20:08:32.430 [main] INFO  org.project.ScientificCalculator - [RESULT  POWER]  8.0
2023-03-30 20:08:32.430 [main] INFO  org.project.ScientificCalculator - [POWER of  4 TO THE ] 2
2023-03-30 20:08:32.430 [main] INFO  org.project.ScientificCalculator - [RESULT  POWER]  16.0
2023-03-30 20:10:23.359 [main] INFO  org.project.ScientificCalculator - [SQ ROOT] - 9
2023-03-30 20:10:23.362 [main] INFO  org.project.ScientificCalculator - [RESULT - SQ ROOT] - 3.0
2023-03-30 20:10:23.362 [main] INFO  org.project.ScientificCalculator - [SQ ROOT] - 16
2023-03-30 20:10:23.362 [main] INFO  org.project.ScientificCalculator - [RESULT - SQ ROOT] - 4.0
2023-03-30 20:10:23.363 [main] INFO  org.project.ScientificCalculator - [NATURAL LOG] - 10
2023-03-30 20:10:23.363 [main] INFO  org.project.ScientificCalculator - [RESULT - NATURAL LOG] - 2.302585092994046
2023-03-30 20:10:23.364 [main] INFO  org.project.ScientificCalculator - [NATURAL LOG] - 20
2023-03-30 20:10:23.364 [main] INFO  org.project.ScientificCalculator - [RESULT - NATURAL LOG] - 2.995732273553991
2023-03-30 20:10:23.364 [main] INFO  org.project.ScientificCalculator - Factorial =  5
2023-03-30 20:10:23.364 [main] INFO  org.project.ScientificCalculator - RESULT - FACTORIAL = 120
2023-03-30 20:10:23.364 [main] INFO  org.project.ScientificCalculator - Factorial =  4
2023-03-30 20:10:23.364 [main] INFO  org.project.ScientificCalculator - RESULT - FACTORIAL = 24
2023-03-30 20:10:23.367 [main] INFO  org.project.ScientificCalculator - [POWER of  2 TO THE ] 3
2023-03-30 20:10:23.368 [main] INFO  org.project.ScientificCalculator - [RESULT  POWER]  8.0
2023-03-30 20:10:23.368 [main] INFO  org.project.ScientificCalculator - [POWER of  4 TO THE ] 2
2023-03-30 20:10:23.368 [main] INFO  org.project.ScientificCalculator - [RESULT  POWER]  16.0
